<?xml version="1.0" encoding="UTF-8"?>
<!-- Generated by org.testng.reporters.JUnitXMLReporter -->
<testsuite ignored="2" hostname="LAPTOP-CH5ODTAG" failures="0" tests="3" name="githubAPI" time="4.069" errors="0" timestamp="2021-06-12T12:56:22 IST">
  <testcase classname="com.APIAutomation.Tests.LastRelease" name="getLastRelease" time="1.344"/>
  <testcase classname="com.APIAutomation.Tests.RepoReleases" name="repoAllReleases" time="0.576"/>
  <testcase classname="com.APIAutomation.Tests.getAllRepos" name="getRequest" time="1.829"/>
  <testcase classname="com.APIAutomation.TestBase.TestBase" name="@BeforeTest baseURL" time="0.0">
    <ignored/>
  </testcase> <!-- @BeforeTest baseURL -->
  <testcase classname="com.APIAutomation.TestBase.TestBase" name="@BeforeTest baseURL" time="0.0">
    <ignored/>
  </testcase> <!-- @BeforeTest baseURL -->
</testsuite> <!-- githubAPI -->
