<?xml version="1.0" encoding="UTF-8"?>
<testng-results ignored="2" total="5" passed="3" failed="0" skipped="0">
  <reporter-output>
  </reporter-output>
  <suite started-at="2021-06-12T12:56:18 IST" name="Suite" finished-at="2021-06-12T12:56:22 IST" duration-ms="4069">
    <groups>
    </groups>
    <test started-at="2021-06-12T12:56:18 IST" name="githubAPI" finished-at="2021-06-12T12:56:22 IST" duration-ms="4069">
      <class name="com.APIAutomation.Tests.LastRelease">
        <test-method is-config="true" signature="baseURL()[pri:0, instance:com.APIAutomation.Tests.LastRelease@524d6d96]" started-at="2021-06-12T12:56:18 IST" name="baseURL" finished-at="2021-06-12T12:56:18 IST" duration-ms="291" status="PASS">
          <reporter-output>
          </reporter-output>
        </test-method> <!-- baseURL -->
        <test-method signature="getLastRelease()[pri:0, instance:com.APIAutomation.Tests.LastRelease@524d6d96]" started-at="2021-06-12T12:56:18 IST" name="getLastRelease" description="Verfiying the last Release API Repo" finished-at="2021-06-12T12:56:19 IST" duration-ms="1344" status="PASS">
          <reporter-output>
          </reporter-output>
        </test-method> <!-- getLastRelease -->
      </class> <!-- com.APIAutomation.Tests.LastRelease -->
      <class name="com.APIAutomation.Tests.RepoReleases">
        <test-method signature="repoAllReleases()[pri:0, instance:com.APIAutomation.Tests.RepoReleases@152aa092]" started-at="2021-06-12T12:56:19 IST" name="repoAllReleases" description="Verifying the Releases Repos API " finished-at="2021-06-12T12:56:20 IST" duration-ms="576" status="PASS">
          <reporter-output>
          </reporter-output>
        </test-method> <!-- repoAllReleases -->
      </class> <!-- com.APIAutomation.Tests.RepoReleases -->
      <class name="com.APIAutomation.Tests.getAllRepos">
        <test-method signature="getRequest()[pri:0, instance:com.APIAutomation.Tests.getAllRepos@44a7bfbc]" started-at="2021-06-12T12:56:20 IST" name="getRequest" description="Verifying the Repository API" finished-at="2021-06-12T12:56:22 IST" duration-ms="1829" status="PASS">
          <reporter-output>
          </reporter-output>
        </test-method> <!-- getRequest -->
      </class> <!-- com.APIAutomation.Tests.getAllRepos -->
    </test> <!-- githubAPI -->
  </suite> <!-- Suite -->
</testng-results>
